INFO: 2018-04-20 00:05:15,967: perform_upgrade() 'Last run version was 0.6.6 or earlier, current version is 0.6.6'
INFO: 2018-04-20 00:05:15,968: process_command() 'Received command: []'
INFO: 2018-04-20 00:05:15,969: load_banned() 'Missing or invalid banned URLs list, no URLs will be banned'
INFO: 2018-04-20 00:05:15,980: load() 'Jumble loading'
INFO: 2018-04-20 00:05:15,980: _walk_modules() 'Jumble loading module in __init__ from /usr/share/variety/plugins/__init__.py'
INFO: 2018-04-20 00:05:15,980: _walk_modules() 'Jumble loading module in GoodreadsSource from /usr/share/variety/plugins/quotes/GoodreadsSource.py'
INFO: 2018-04-20 00:05:15,985: load() 'Jumble found plugin class: <class 'GoodreadsSource.GoodreadsSource'>: {'author': 'Peter Levi', 'name': 'Goodreads', 'version': '0.1', 'description': u'Fetches quotes from Goodreads.com'}'
INFO: 2018-04-20 00:05:15,985: _walk_modules() 'Jumble loading module in QuotationsPageSource from /usr/share/variety/plugins/quotes/QuotationsPageSource.py'
INFO: 2018-04-20 00:05:15,986: load() 'Jumble found plugin class: <class 'QuotationsPageSource.QuotationsPageSource'>: {'author': 'Peter Levi', 'name': 'TheQuotationsPage.com', 'version': '0.1', 'description': u'Fetches quotes from TheQuotationsPage.com'}'
INFO: 2018-04-20 00:05:15,986: _walk_modules() 'Jumble loading module in QuotesDaddySource from /usr/share/variety/plugins/quotes/QuotesDaddySource.py'
INFO: 2018-04-20 00:05:15,987: load() 'Jumble found plugin class: <class 'QuotesDaddySource.QuotesDaddySource'>: {'author': 'Peter Levi', 'name': 'QuotesDaddy', 'version': '0.1', 'description': u"Fetches quotes from QuotesDaddy's daily quotes RSS feed.\nDoes not support searching by tags or authors."}'
INFO: 2018-04-20 00:05:15,987: _walk_modules() 'Jumble loading module in __init__ from /usr/share/variety/plugins/quotes/__init__.py'
INFO: 2018-04-20 00:05:15,987: _walk_modules() 'Jumble loading module in LocalFilesSource from /usr/share/variety/plugins/quotes/LocalFilesSource.py'
INFO: 2018-04-20 00:05:15,988: load() 'Jumble found plugin class: <class 'LocalFilesSource.LocalFilesSource'>: {'author': 'Peter Levi', 'name': 'Local text files', 'version': '0.1', 'description': u'Displays quotes, defined in local text files.\nPut your own txt files in: ~/.config/variety/pluginconfig/quotes/.\nThe file format is:\n\nquote -- author\n.\nsecond quote -- another author\n.\netc...\n\nExample: http://rvelthuis.de/zips/quotes.txt'}'
ERROR: 2018-04-20 00:05:15,988: get_xdg_pictures_folder() 'Could not get path to Pictures folder. Defaulting to ~/Pictures.'
Traceback (most recent call last):
  File "/usr/lib/python2.7/site-packages/variety/Util.py", line 663, in get_xdg_pictures_folder
    raise Exception("Could not get path to Pictures folder. Defaulting to ~/Pictures.")
Exception: Could not get path to Pictures folder. Defaulting to ~/Pictures.
INFO: 2018-04-20 00:05:15,990: reload_config() 'Creating new downloader for type 15, location Bing Photo of the Day'
INFO: 2018-04-20 00:05:15,990: log_options() 'Loaded options:'
INFO: 2018-04-20 00:05:15,990: log_options() 'change_enabled = True'
INFO: 2018-04-20 00:05:15,990: log_options() 'change_interval = 300'
INFO: 2018-04-20 00:05:15,990: log_options() 'change_on_start = False'
INFO: 2018-04-20 00:05:15,991: log_options() 'clipboard_enabled = False'
INFO: 2018-04-20 00:05:15,991: log_options() 'clipboard_hosts = [u'wallhaven.cc', u'ns223506.ovh.net', u'wallpapers.net', u'flickr.com', u'imgur.com', u'deviantart.com', u'interfacelift.com', u'vladstudio.com', u'imageshack.us']'
INFO: 2018-04-20 00:05:15,991: log_options() 'clipboard_use_whitelist = True'
INFO: 2018-04-20 00:05:15,991: log_options() 'clock_date_font = Ubuntu Condensed, 30'
INFO: 2018-04-20 00:05:15,991: log_options() 'clock_enabled = False'
INFO: 2018-04-20 00:05:15,991: log_options() 'clock_filter = -density 100 -font `fc-match -f '%{file[0]}' '%CLOCK_FONT_NAME'` -pointsize %CLOCK_FONT_SIZE -gravity SouthEast -fill '#00000044' -annotate 0x0+[%HOFFSET+58]+[%VOFFSET+108] '%H:%M' -fill white -annotate 0x0+[%HOFFSET+60]+[%VOFFSET+110] '%H:%M' -font `fc-match -f '%{file[0]}' '%DATE_FONT_NAME'` -pointsize %DATE_FONT_SIZE -fill '#00000044' -annotate 0x0+[%HOFFSET+58]+[%VOFFSET+58] '%A, %B %d' -fill white -annotate 0x0+[%HOFFSET+60]+[%VOFFSET+60] '%A, %B %d''
INFO: 2018-04-20 00:05:15,991: log_options() 'clock_font = Ubuntu Condensed, 70'
INFO: 2018-04-20 00:05:15,991: log_options() 'configfile = /home/aich/.config/variety/variety.conf'
INFO: 2018-04-20 00:05:15,991: log_options() 'copyto_enabled = False'
INFO: 2018-04-20 00:05:15,991: log_options() 'copyto_folder = Default'
INFO: 2018-04-20 00:05:15,991: log_options() 'desired_color = [160, 160, 160]'
INFO: 2018-04-20 00:05:15,991: log_options() 'desired_color_enabled = False'
INFO: 2018-04-20 00:05:15,991: log_options() 'download_enabled = False'
INFO: 2018-04-20 00:05:15,991: log_options() 'download_folder = /home/aich/.config/variety/Downloaded'
INFO: 2018-04-20 00:05:15,991: log_options() 'download_interval = 600'
INFO: 2018-04-20 00:05:15,991: log_options() 'facebook_message = '
INFO: 2018-04-20 00:05:15,991: log_options() 'facebook_show_dialog = True'
INFO: 2018-04-20 00:05:15,991: log_options() 'favorites_folder = /home/aich/.config/variety/Favorites'
INFO: 2018-04-20 00:05:15,991: log_options() 'favorites_operations = [[u'Downloaded', u'Copy'], [u'Fetched', u'Move'], [u'Others', u'Copy']]'
INFO: 2018-04-20 00:05:15,991: log_options() 'fetched_folder = /home/aich/.config/variety/Fetched'
INFO: 2018-04-20 00:05:15,991: log_options() 'filters = [[False, u'Keep original', u''], [False, u'Grayscale', u'-type Grayscale'], [False, u'Heavy blur', u'-blur 120x40'], [False, u'Soft blur', u'-blur 20x7'], [False, u'Oil painting', u'-paint 8'], [False, u'Pencil sketch', u'-colorspace gray \\( +clone -tile ~/.config/variety/pencil_tile.png -draw "color 0,0 reset" +clone +swap -compose color_dodge -composite \\) -fx \'u*.2+v*.8\''], [False, u'Pointilism', u'-spread 10 -noise 3'], [False, u'Pixellate', u'-scale 3% -scale 3333%']]'
INFO: 2018-04-20 00:05:15,991: log_options() 'icon = Light'
INFO: 2018-04-20 00:05:15,991: log_options() 'lightness_enabled = False'
INFO: 2018-04-20 00:05:15,991: log_options() 'lightness_mode = 0'
INFO: 2018-04-20 00:05:15,991: log_options() 'min_rating = 4'
INFO: 2018-04-20 00:05:15,992: log_options() 'min_rating_enabled = False'
INFO: 2018-04-20 00:05:15,992: log_options() 'min_size = 80'
INFO: 2018-04-20 00:05:15,992: log_options() 'min_size_enabled = False'
INFO: 2018-04-20 00:05:15,992: log_options() 'quota_enabled = True'
INFO: 2018-04-20 00:05:15,992: log_options() 'quota_size = 500'
INFO: 2018-04-20 00:05:15,992: log_options() 'quotes_authors = '
INFO: 2018-04-20 00:05:15,992: log_options() 'quotes_bg_color = [80, 80, 80]'
INFO: 2018-04-20 00:05:15,992: log_options() 'quotes_bg_opacity = 55'
INFO: 2018-04-20 00:05:15,992: log_options() 'quotes_change_enabled = False'
INFO: 2018-04-20 00:05:15,992: log_options() 'quotes_change_interval = 300'
INFO: 2018-04-20 00:05:15,992: log_options() 'quotes_disabled_sources = [u'QuotesDaddy']'
INFO: 2018-04-20 00:05:15,992: log_options() 'quotes_enabled = False'
INFO: 2018-04-20 00:05:15,992: log_options() 'quotes_favorites_file = /home/aich/.config/variety/favorite_quotes.txt'
INFO: 2018-04-20 00:05:15,992: log_options() 'quotes_font = Bitstream Charter 30'
INFO: 2018-04-20 00:05:15,992: log_options() 'quotes_hpos = 100'
INFO: 2018-04-20 00:05:15,992: log_options() 'quotes_tags = '
INFO: 2018-04-20 00:05:15,992: log_options() 'quotes_text_color = [255, 255, 255]'
INFO: 2018-04-20 00:05:15,992: log_options() 'quotes_text_shadow = False'
INFO: 2018-04-20 00:05:15,992: log_options() 'quotes_vpos = 40'
INFO: 2018-04-20 00:05:15,992: log_options() 'quotes_width = 70'
INFO: 2018-04-20 00:05:15,992: log_options() 'safe_mode = False'
INFO: 2018-04-20 00:05:15,992: log_options() 'slideshow_custom_enabled = False'
INFO: 2018-04-20 00:05:15,992: log_options() 'slideshow_custom_folder = /home/aich/Pictures'
INFO: 2018-04-20 00:05:15,992: log_options() 'slideshow_downloads_enabled = False'
INFO: 2018-04-20 00:05:15,992: log_options() 'slideshow_fade = 0.4'
INFO: 2018-04-20 00:05:15,992: log_options() 'slideshow_favorites_enabled = True'
INFO: 2018-04-20 00:05:15,992: log_options() 'slideshow_mode = Fullscreen'
INFO: 2018-04-20 00:05:15,992: log_options() 'slideshow_monitor = All'
INFO: 2018-04-20 00:05:15,993: log_options() 'slideshow_pan = 0.05'
INFO: 2018-04-20 00:05:15,993: log_options() 'slideshow_seconds = 6.0'
INFO: 2018-04-20 00:05:15,993: log_options() 'slideshow_sort_order = Random'
INFO: 2018-04-20 00:05:15,993: log_options() 'slideshow_sources_enabled = True'
INFO: 2018-04-20 00:05:15,993: log_options() 'slideshow_zoom = 0.2'
INFO: 2018-04-20 00:05:15,993: log_options() 'smart_enabled = False'
INFO: 2018-04-20 00:05:15,993: log_options() 'smart_notice_shown = True'
INFO: 2018-04-20 00:05:15,993: log_options() 'smart_register_shown = False'
INFO: 2018-04-20 00:05:15,993: log_options() 'sources = [[False, 3, u'The Favorites folder'], [False, 4, u'The Fetched folder'], [False, 19, u'Recommended by Variety. Adapts to your taste as you mark images as favorite or trash.'], [False, 20, u'Latest favorites by the other users of Variety. [May contain NSFW images]'], [False, 2, u'/usr/share/backgrounds'], [False, 6, u'Random wallpapers from Desktoppr.co'], [True, 15, u'Bing Photo of the Day'], [False, 16, u'High-resolution photos from Unsplash.com'], [False, 8, u"NASA's Astronomy Picture of the Day"], [False, 11, u'World Sunlight Map - live wallpaper from Die.net'], [False, 7, u'user:www.flickr.com/photos/peter-levi/;user_id:93647178@N00;']]'
INFO: 2018-04-20 00:05:15,993: log_options() 'stats_enabled = True'
INFO: 2018-04-20 00:05:15,993: log_options() 'stats_notice_shown = True'
INFO: 2018-04-20 00:05:15,993: log_options() 'sync_enabled = True'
INFO: 2018-04-20 00:05:15,993: log_options() 'use_landscape_enabled = True'
INFO: 2018-04-20 00:05:15,993: reload_config() 'No need to clear prepared queue'
INFO: 2018-04-20 00:05:15,994: load_last_change_time() 'Change interval < 6 hours, ignore persisted last_change_time, wait initially the whole interval: 300'
INFO: 2018-04-20 00:05:15,994: update_indicator() 'Setting file info to: /home/aich/.config/variety/Downloaded/Bing/DuskyDolphin_EN-US11918143365_1920x1080.jpg'
INFO: 2018-04-20 00:05:15,995: regular_change_thread() 'regular_change thread running'
INFO: 2018-04-20 00:05:15,995: prepare_thread() 'Prepare thread running'
INFO: 2018-04-20 00:05:15,996: prepare_thread() 'Prepared buffer contains 0 images'
INFO: 2018-04-20 00:05:15,996: prepare_thread() 'Preparing some images'
INFO: 2018-04-20 00:05:16,004: update_indicator_icon() 'Creating indicator'
INFO: 2018-04-20 00:05:16,038: prepare_thread() 'After search prepared buffer contains 3 images'
WARNING: 2018-04-20 00:05:16,043: create_menu() 'Variety Slideshow is not installed. This is an optional extension adding pan-and-zoom slideshows to Variety: see https://github.com/peterlevi/variety-slideshow for details'
INFO: 2018-04-20 00:05:16,076: set_from_theme_icon() 'Showing status icon variety-indicator from GTK theme'
INFO: 2018-04-20 00:05:16,078: update_indicator() 'Setting file info to: /home/aich/.config/variety/Downloaded/Bing/DuskyDolphin_EN-US11918143365_1920x1080.jpg'
INFO: 2018-04-20 00:05:16,094: do_set_wp() 'Calling do_set_wp with /home/aich/.config/variety/Downloaded/Bing/DuskyDolphin_EN-US11918143365_1920x1080.jpg, time: 1524175516.09'
INFO: 2018-04-20 00:05:16,110: update_indicator() 'Setting file info to: /home/aich/.config/variety/Downloaded/Bing/DuskyDolphin_EN-US11918143365_1920x1080.jpg'
INFO: 2018-04-20 00:05:17,245: reload() 'Reloading preferences dialog'
ERROR: 2018-04-20 00:05:17,246: get_xdg_pictures_folder() 'Could not get path to Pictures folder. Defaulting to ~/Pictures.'
Traceback (most recent call last):
  File "/usr/lib/python2.7/site-packages/variety/Util.py", line 663, in get_xdg_pictures_folder
    raise Exception("Could not get path to Pictures folder. Defaulting to ~/Pictures.")
Exception: Could not get path to Pictures folder. Defaulting to ~/Pictures.
ERROR: 2018-04-20 00:05:17,250: get_xdg_pictures_folder() 'Could not get path to Pictures folder. Defaulting to ~/Pictures.'
Traceback (most recent call last):
  File "/usr/lib/python2.7/site-packages/variety/Util.py", line 663, in get_xdg_pictures_folder
    raise Exception("Could not get path to Pictures folder. Defaulting to ~/Pictures.")
Exception: Could not get path to Pictures folder. Defaulting to ~/Pictures.
ERROR: 2018-04-20 00:05:17,251: get_file_icon_name() 'Exception while obtaining folder icon for /home/aich/Pictures:'
Traceback (most recent call last):
  File "/usr/lib/python2.7/site-packages/variety/Util.py", line 648, in get_file_icon_name
    query_info = f.query_info("standard::icon", Gio.FileQueryInfoFlags.NONE, None)
Error: g-io-error-quark: Error when getting information for file “/home/aich/Pictures”: No such file or directory (1)
ERROR: 2018-04-20 00:05:17,252: get_file_icon_name() 'Exception while obtaining folder icon for /home/aich/Pictures:'
Traceback (most recent call last):
  File "/usr/lib/python2.7/site-packages/variety/Util.py", line 648, in get_file_icon_name
    query_info = f.query_info("standard::icon", Gio.FileQueryInfoFlags.NONE, None)
Error: g-io-error-quark: Error when getting information for file “/home/aich/Pictures”: No such file or directory (1)
INFO: 2018-04-20 00:05:30,096: reload() 'Reloading preferences dialog'
ERROR: 2018-04-20 00:05:30,097: get_xdg_pictures_folder() 'Could not get path to Pictures folder. Defaulting to ~/Pictures.'
Traceback (most recent call last):
  File "/usr/lib/python2.7/site-packages/variety/Util.py", line 663, in get_xdg_pictures_folder
    raise Exception("Could not get path to Pictures folder. Defaulting to ~/Pictures.")
Exception: Could not get path to Pictures folder. Defaulting to ~/Pictures.
ERROR: 2018-04-20 00:05:30,103: get_xdg_pictures_folder() 'Could not get path to Pictures folder. Defaulting to ~/Pictures.'
Traceback (most recent call last):
  File "/usr/lib/python2.7/site-packages/variety/Util.py", line 663, in get_xdg_pictures_folder
    raise Exception("Could not get path to Pictures folder. Defaulting to ~/Pictures.")
Exception: Could not get path to Pictures folder. Defaulting to ~/Pictures.
ERROR: 2018-04-20 00:05:30,103: get_file_icon_name() 'Exception while obtaining folder icon for /home/aich/Pictures:'
Traceback (most recent call last):
  File "/usr/lib/python2.7/site-packages/variety/Util.py", line 648, in get_file_icon_name
    query_info = f.query_info("standard::icon", Gio.FileQueryInfoFlags.NONE, None)
Error: g-io-error-quark: Error when getting information for file “/home/aich/Pictures”: No such file or directory (1)
ERROR: 2018-04-20 00:05:30,104: get_file_icon_name() 'Exception while obtaining folder icon for /home/aich/Pictures:'
Traceback (most recent call last):
  File "/usr/lib/python2.7/site-packages/variety/Util.py", line 648, in get_file_icon_name
    query_info = f.query_info("standard::icon", Gio.FileQueryInfoFlags.NONE, None)
Error: g-io-error-quark: Error when getting information for file “/home/aich/Pictures”: No such file or directory (1)
INFO: 2018-04-20 00:05:36,005: stats_report_config() 'Stats: Reporting config anonymously'
ERROR: 2018-04-20 00:05:36,007: get_xdg_pictures_folder() 'Could not get path to Pictures folder. Defaulting to ~/Pictures.'
Traceback (most recent call last):
  File "/usr/lib/python2.7/site-packages/variety/Util.py", line 663, in get_xdg_pictures_folder
    raise Exception("Could not get path to Pictures folder. Defaulting to ~/Pictures.")
Exception: Could not get path to Pictures folder. Defaulting to ~/Pictures.
INFO: 2018-04-20 00:05:36,015: server_options_thread() 'Fetching server options from http://tiny.cc/variety-options-063'
INFO: 2018-04-20 00:05:37,158: server_options_thread() 'Fetched server options: {u'unsplash': {u'min_fill_queue_interval': 20000000000, u'min_download_interval': 20000000000}, u'unsplash_v2': {u'min_fill_queue_interval': 1800, u'min_download_interval': 600}, u'wallpapers.net': {u'min_fill_queue_interval': 600, u'min_download_interval': 0}, u'wallhaven': {u'min_fill_queue_interval': 1800, u'min_download_interval': 1800}, u'wallbase': {u'min_fill_queue_interval': 1800, u'min_download_interval': 1800}, u'flickr': {u'min_fill_queue_interval': 1200, u'min_download_interval': 1200}, u'status_message': {u'*': u'', u'0.0.1': u''}}'
INFO: 2018-04-20 00:05:45,556: apply() 'Applying preferences'
ERROR: 2018-04-20 00:05:45,557: get_xdg_pictures_folder() 'Could not get path to Pictures folder. Defaulting to ~/Pictures.'
Traceback (most recent call last):
  File "/usr/lib/python2.7/site-packages/variety/Util.py", line 663, in get_xdg_pictures_folder
    raise Exception("Could not get path to Pictures folder. Defaulting to ~/Pictures.")
Exception: Could not get path to Pictures folder. Defaulting to ~/Pictures.
ERROR: 2018-04-20 00:05:45,562: get_xdg_pictures_folder() 'Could not get path to Pictures folder. Defaulting to ~/Pictures.'
Traceback (most recent call last):
  File "/usr/lib/python2.7/site-packages/variety/Util.py", line 663, in get_xdg_pictures_folder
    raise Exception("Could not get path to Pictures folder. Defaulting to ~/Pictures.")
Exception: Could not get path to Pictures folder. Defaulting to ~/Pictures.
ERROR: 2018-04-20 00:05:45,569: get_xdg_pictures_folder() 'Could not get path to Pictures folder. Defaulting to ~/Pictures.'
Traceback (most recent call last):
  File "/usr/lib/python2.7/site-packages/variety/Util.py", line 663, in get_xdg_pictures_folder
    raise Exception("Could not get path to Pictures folder. Defaulting to ~/Pictures.")
Exception: Could not get path to Pictures folder. Defaulting to ~/Pictures.
INFO: 2018-04-20 00:05:45,578: log_options() 'Loaded options:'
INFO: 2018-04-20 00:05:45,579: log_options() 'change_enabled = True'
INFO: 2018-04-20 00:05:45,579: log_options() 'change_interval = 300'
INFO: 2018-04-20 00:05:45,580: log_options() 'change_on_start = False'
INFO: 2018-04-20 00:05:45,580: log_options() 'clipboard_enabled = False'
INFO: 2018-04-20 00:05:45,581: log_options() 'clipboard_hosts = [u'wallhaven.cc', u'ns223506.ovh.net', u'wallpapers.net', u'flickr.com', u'imgur.com', u'deviantart.com', u'interfacelift.com', u'vladstudio.com', u'imageshack.us']'
INFO: 2018-04-20 00:05:45,581: set_visible() 'Showing status icon'
INFO: 2018-04-20 00:05:45,582: log_options() 'clipboard_use_whitelist = True'
INFO: 2018-04-20 00:05:45,582: log_options() 'clock_date_font = Ubuntu Condensed, 30'
INFO: 2018-04-20 00:05:45,582: set_from_theme_icon() 'Showing status icon variety-indicator from GTK theme'
INFO: 2018-04-20 00:05:45,583: log_options() 'clock_enabled = False'
INFO: 2018-04-20 00:05:45,583: log_options() 'clock_filter = -density 100 -font `fc-match -f '%{file[0]}' '%CLOCK_FONT_NAME'` -pointsize %CLOCK_FONT_SIZE -gravity SouthEast -fill '#00000044' -annotate 0x0+[%HOFFSET+58]+[%VOFFSET+108] '%H:%M' -fill white -annotate 0x0+[%HOFFSET+60]+[%VOFFSET+110] '%H:%M' -font `fc-match -f '%{file[0]}' '%DATE_FONT_NAME'` -pointsize %DATE_FONT_SIZE -fill '#00000044' -annotate 0x0+[%HOFFSET+58]+[%VOFFSET+58] '%A, %B %d' -fill white -annotate 0x0+[%HOFFSET+60]+[%VOFFSET+60] '%A, %B %d''
INFO: 2018-04-20 00:05:45,584: log_options() 'clock_font = Ubuntu Condensed, 70'
INFO: 2018-04-20 00:05:45,584: log_options() 'configfile = /home/aich/.config/variety/variety.conf'
INFO: 2018-04-20 00:05:45,584: log_options() 'copyto_enabled = False'
INFO: 2018-04-20 00:05:45,584: log_options() 'copyto_folder = Default'
INFO: 2018-04-20 00:05:45,584: log_options() 'desired_color = [160, 160, 160]'
INFO: 2018-04-20 00:05:45,584: log_options() 'desired_color_enabled = False'
INFO: 2018-04-20 00:05:45,585: log_options() 'download_enabled = False'
INFO: 2018-04-20 00:05:45,585: log_options() 'download_folder = /home/aich/.config/variety/Downloaded'
INFO: 2018-04-20 00:05:45,585: log_options() 'download_interval = 600'
INFO: 2018-04-20 00:05:45,585: log_options() 'facebook_message = '
INFO: 2018-04-20 00:05:45,585: log_options() 'facebook_show_dialog = True'
INFO: 2018-04-20 00:05:45,585: log_options() 'favorites_folder = /home/aich/.config/variety/Favorites'
INFO: 2018-04-20 00:05:45,585: log_options() 'favorites_operations = [[u'Downloaded', u'Copy'], [u'Fetched', u'Move'], [u'Others', u'Copy']]'
INFO: 2018-04-20 00:05:45,585: log_options() 'fetched_folder = /home/aich/.config/variety/Fetched'
INFO: 2018-04-20 00:05:45,585: log_options() 'filters = [[False, u'Keep original', u''], [False, u'Grayscale', u'-type Grayscale'], [False, u'Heavy blur', u'-blur 120x40'], [False, u'Soft blur', u'-blur 20x7'], [False, u'Oil painting', u'-paint 8'], [False, u'Pencil sketch', u'-colorspace gray \\( +clone -tile ~/.config/variety/pencil_tile.png -draw "color 0,0 reset" +clone +swap -compose color_dodge -composite \\) -fx \'u*.2+v*.8\''], [False, u'Pointilism', u'-spread 10 -noise 3'], [False, u'Pixellate', u'-scale 3% -scale 3333%']]'
INFO: 2018-04-20 00:05:45,585: log_options() 'icon = Light'
INFO: 2018-04-20 00:05:45,585: log_options() 'lightness_enabled = False'
INFO: 2018-04-20 00:05:45,585: log_options() 'lightness_mode = 0'
INFO: 2018-04-20 00:05:45,586: log_options() 'min_rating = 4'
INFO: 2018-04-20 00:05:45,586: log_options() 'min_rating_enabled = False'
INFO: 2018-04-20 00:05:45,586: log_options() 'min_size = 80'
INFO: 2018-04-20 00:05:45,586: log_options() 'min_size_enabled = False'
INFO: 2018-04-20 00:05:45,586: log_options() 'quota_enabled = True'
INFO: 2018-04-20 00:05:45,586: log_options() 'quota_size = 500'
INFO: 2018-04-20 00:05:45,586: log_options() 'quotes_authors = '
INFO: 2018-04-20 00:05:45,586: log_options() 'quotes_bg_color = [80, 80, 80]'
INFO: 2018-04-20 00:05:45,586: log_options() 'quotes_bg_opacity = 55'
INFO: 2018-04-20 00:05:45,586: log_options() 'quotes_change_enabled = False'
INFO: 2018-04-20 00:05:45,586: log_options() 'quotes_change_interval = 300'
INFO: 2018-04-20 00:05:45,586: log_options() 'quotes_disabled_sources = [u'QuotesDaddy']'
INFO: 2018-04-20 00:05:45,586: log_options() 'quotes_enabled = False'
INFO: 2018-04-20 00:05:45,586: log_options() 'quotes_favorites_file = /home/aich/.config/variety/favorite_quotes.txt'
INFO: 2018-04-20 00:05:45,587: log_options() 'quotes_font = Bitstream Charter 30'
INFO: 2018-04-20 00:05:45,587: log_options() 'quotes_hpos = 100'
INFO: 2018-04-20 00:05:45,587: log_options() 'quotes_tags = '
INFO: 2018-04-20 00:05:45,587: log_options() 'quotes_text_color = [255, 255, 255]'
INFO: 2018-04-20 00:05:45,588: log_options() 'quotes_text_shadow = False'
INFO: 2018-04-20 00:05:45,588: log_options() 'quotes_vpos = 40'
INFO: 2018-04-20 00:05:45,589: log_options() 'quotes_width = 70'
INFO: 2018-04-20 00:05:45,589: log_options() 'safe_mode = False'
INFO: 2018-04-20 00:05:45,590: log_options() 'slideshow_custom_enabled = False'
INFO: 2018-04-20 00:05:45,590: log_options() 'slideshow_custom_folder = /home/aich/Pictures'
INFO: 2018-04-20 00:05:45,590: log_options() 'slideshow_downloads_enabled = False'
INFO: 2018-04-20 00:05:45,590: log_options() 'slideshow_fade = 0.4'
INFO: 2018-04-20 00:05:45,590: log_options() 'slideshow_favorites_enabled = True'
INFO: 2018-04-20 00:05:45,590: log_options() 'slideshow_mode = Fullscreen'
INFO: 2018-04-20 00:05:45,590: log_options() 'slideshow_monitor = All'
INFO: 2018-04-20 00:05:45,590: log_options() 'slideshow_pan = 0.05'
INFO: 2018-04-20 00:05:45,590: log_options() 'slideshow_seconds = 6.0'
INFO: 2018-04-20 00:05:45,590: log_options() 'slideshow_sort_order = Random'
INFO: 2018-04-20 00:05:45,590: log_options() 'slideshow_sources_enabled = True'
INFO: 2018-04-20 00:05:45,590: log_options() 'slideshow_zoom = 0.2'
INFO: 2018-04-20 00:05:45,590: log_options() 'smart_enabled = False'
INFO: 2018-04-20 00:05:45,591: log_options() 'smart_notice_shown = True'
INFO: 2018-04-20 00:05:45,591: log_options() 'smart_register_shown = False'
INFO: 2018-04-20 00:05:45,591: log_options() 'sources = [[False, 3, u'The Favorites folder'], [False, 4, u'The Fetched folder'], [False, 19, u'Recommended by Variety. Adapts to your taste as you mark images as favorite or trash.'], [False, 20, u'Latest favorites by the other users of Variety. [May contain NSFW images]'], [False, 6, u'Random wallpapers from Desktoppr.co'], [True, 15, u'Bing Photo of the Day'], [False, 16, u'High-resolution photos from Unsplash.com'], [False, 8, u"NASA's Astronomy Picture of the Day"], [False, 11, u'World Sunlight Map - live wallpaper from Die.net'], [False, 7, u'user:www.flickr.com/photos/peter-levi/;user_id:93647178@N00;']]'
INFO: 2018-04-20 00:05:45,591: log_options() 'stats_enabled = True'
INFO: 2018-04-20 00:05:45,591: log_options() 'stats_notice_shown = True'
INFO: 2018-04-20 00:05:45,591: log_options() 'sync_enabled = True'
INFO: 2018-04-20 00:05:45,591: log_options() 'use_landscape_enabled = True'
INFO: 2018-04-20 00:05:45,591: reload_config() 'No need to clear prepared queue'
INFO: 2018-04-20 00:05:45,592: prepare_thread() 'Prepared buffer contains 3 images'
INFO: 2018-04-20 00:05:45,603: update_indicator() 'Setting file info to: /home/aich/.config/variety/Downloaded/Bing/DuskyDolphin_EN-US11918143365_1920x1080.jpg'
INFO: 2018-04-20 00:05:45,693: do_set_wp() 'Calling do_set_wp with /home/aich/.config/variety/Downloaded/Bing/DuskyDolphin_EN-US11918143365_1920x1080.jpg, time: 1524175545.69'
INFO: 2018-04-20 00:05:45,726: update_indicator() 'Setting file info to: /home/aich/.config/variety/Downloaded/Bing/DuskyDolphin_EN-US11918143365_1920x1080.jpg'
INFO: 2018-04-20 00:05:55,017: update_indicator() 'Setting file info to: /home/aich/.config/variety/Downloaded/Bing/DuskyDolphin_EN-US11918143365_1920x1080.jpg'
INFO: 2018-04-20 00:05:55,032: delete_files_of_source() 'Deleting recursively folder /home/aich/.config/variety/Downloaded/flickr_user_www_flickr_com_photos_peter_levi__user_id_93647178_N00_'
WARNING: 2018-04-20 00:05:55,074: add_image() 'Could not create thumbnail for file /home/aich/.config/variety/Downloaded/flickr_user_www_flickr_com_photos_peter_levi__user_id_93647178_N00_/7527941882_b35c65627a_o.jpg. File may be missing or invalid.'
INFO: 2018-04-20 00:05:55,156: apply() 'Applying preferences'
ERROR: 2018-04-20 00:05:55,156: get_xdg_pictures_folder() 'Could not get path to Pictures folder. Defaulting to ~/Pictures.'
Traceback (most recent call last):
  File "/usr/lib/python2.7/site-packages/variety/Util.py", line 663, in get_xdg_pictures_folder
    raise Exception("Could not get path to Pictures folder. Defaulting to ~/Pictures.")
Exception: Could not get path to Pictures folder. Defaulting to ~/Pictures.
ERROR: 2018-04-20 00:05:55,160: get_xdg_pictures_folder() 'Could not get path to Pictures folder. Defaulting to ~/Pictures.'
Traceback (most recent call last):
  File "/usr/lib/python2.7/site-packages/variety/Util.py", line 663, in get_xdg_pictures_folder
    raise Exception("Could not get path to Pictures folder. Defaulting to ~/Pictures.")
Exception: Could not get path to Pictures folder. Defaulting to ~/Pictures.
ERROR: 2018-04-20 00:05:55,165: get_xdg_pictures_folder() 'Could not get path to Pictures folder. Defaulting to ~/Pictures.'
Traceback (most recent call last):
  File "/usr/lib/python2.7/site-packages/variety/Util.py", line 663, in get_xdg_pictures_folder
    raise Exception("Could not get path to Pictures folder. Defaulting to ~/Pictures.")
Exception: Could not get path to Pictures folder. Defaulting to ~/Pictures.
INFO: 2018-04-20 00:05:55,169: set_visible() 'Showing status icon'
INFO: 2018-04-20 00:05:55,169: log_options() 'Loaded options:'
INFO: 2018-04-20 00:05:55,169: set_from_theme_icon() 'Showing status icon variety-indicator from GTK theme'
INFO: 2018-04-20 00:05:55,169: log_options() 'change_enabled = True'
INFO: 2018-04-20 00:05:55,169: log_options() 'change_interval = 300'
INFO: 2018-04-20 00:05:55,169: log_options() 'change_on_start = False'
INFO: 2018-04-20 00:05:55,169: log_options() 'clipboard_enabled = False'
INFO: 2018-04-20 00:05:55,169: log_options() 'clipboard_hosts = [u'wallhaven.cc', u'ns223506.ovh.net', u'wallpapers.net', u'flickr.com', u'imgur.com', u'deviantart.com', u'interfacelift.com', u'vladstudio.com', u'imageshack.us']'
INFO: 2018-04-20 00:05:55,169: log_options() 'clipboard_use_whitelist = True'
INFO: 2018-04-20 00:05:55,169: log_options() 'clock_date_font = Ubuntu Condensed, 30'
INFO: 2018-04-20 00:05:55,170: log_options() 'clock_enabled = False'
INFO: 2018-04-20 00:05:55,170: log_options() 'clock_filter = -density 100 -font `fc-match -f '%{file[0]}' '%CLOCK_FONT_NAME'` -pointsize %CLOCK_FONT_SIZE -gravity SouthEast -fill '#00000044' -annotate 0x0+[%HOFFSET+58]+[%VOFFSET+108] '%H:%M' -fill white -annotate 0x0+[%HOFFSET+60]+[%VOFFSET+110] '%H:%M' -font `fc-match -f '%{file[0]}' '%DATE_FONT_NAME'` -pointsize %DATE_FONT_SIZE -fill '#00000044' -annotate 0x0+[%HOFFSET+58]+[%VOFFSET+58] '%A, %B %d' -fill white -annotate 0x0+[%HOFFSET+60]+[%VOFFSET+60] '%A, %B %d''
INFO: 2018-04-20 00:05:55,170: log_options() 'clock_font = Ubuntu Condensed, 70'
INFO: 2018-04-20 00:05:55,170: log_options() 'configfile = /home/aich/.config/variety/variety.conf'
INFO: 2018-04-20 00:05:55,170: log_options() 'copyto_enabled = False'
INFO: 2018-04-20 00:05:55,170: log_options() 'copyto_folder = Default'
INFO: 2018-04-20 00:05:55,170: log_options() 'desired_color = [160, 160, 160]'
INFO: 2018-04-20 00:05:55,170: log_options() 'desired_color_enabled = False'
INFO: 2018-04-20 00:05:55,170: log_options() 'download_enabled = False'
INFO: 2018-04-20 00:05:55,170: log_options() 'download_folder = /home/aich/.config/variety/Downloaded'
INFO: 2018-04-20 00:05:55,170: log_options() 'download_interval = 600'
INFO: 2018-04-20 00:05:55,170: log_options() 'facebook_message = '
INFO: 2018-04-20 00:05:55,170: log_options() 'facebook_show_dialog = True'
INFO: 2018-04-20 00:05:55,170: log_options() 'favorites_folder = /home/aich/.config/variety/Favorites'
INFO: 2018-04-20 00:05:55,171: log_options() 'favorites_operations = [[u'Downloaded', u'Copy'], [u'Fetched', u'Move'], [u'Others', u'Copy']]'
INFO: 2018-04-20 00:05:55,171: log_options() 'fetched_folder = /home/aich/.config/variety/Fetched'
INFO: 2018-04-20 00:05:55,171: log_options() 'filters = [[False, u'Keep original', u''], [False, u'Grayscale', u'-type Grayscale'], [False, u'Heavy blur', u'-blur 120x40'], [False, u'Soft blur', u'-blur 20x7'], [False, u'Oil painting', u'-paint 8'], [False, u'Pencil sketch', u'-colorspace gray \\( +clone -tile ~/.config/variety/pencil_tile.png -draw "color 0,0 reset" +clone +swap -compose color_dodge -composite \\) -fx \'u*.2+v*.8\''], [False, u'Pointilism', u'-spread 10 -noise 3'], [False, u'Pixellate', u'-scale 3% -scale 3333%']]'
INFO: 2018-04-20 00:05:55,171: log_options() 'icon = Light'
INFO: 2018-04-20 00:05:55,171: log_options() 'lightness_enabled = False'
INFO: 2018-04-20 00:05:55,171: log_options() 'lightness_mode = 0'
INFO: 2018-04-20 00:05:55,171: log_options() 'min_rating = 4'
INFO: 2018-04-20 00:05:55,171: log_options() 'min_rating_enabled = False'
INFO: 2018-04-20 00:05:55,171: log_options() 'min_size = 80'
INFO: 2018-04-20 00:05:55,171: log_options() 'min_size_enabled = False'
INFO: 2018-04-20 00:05:55,171: log_options() 'quota_enabled = True'
INFO: 2018-04-20 00:05:55,172: log_options() 'quota_size = 500'
INFO: 2018-04-20 00:05:55,172: log_options() 'quotes_authors = '
INFO: 2018-04-20 00:05:55,173: log_options() 'quotes_bg_color = [80, 80, 80]'
INFO: 2018-04-20 00:05:55,173: log_options() 'quotes_bg_opacity = 55'
INFO: 2018-04-20 00:05:55,174: log_options() 'quotes_change_enabled = False'
INFO: 2018-04-20 00:05:55,174: log_options() 'quotes_change_interval = 300'
INFO: 2018-04-20 00:05:55,174: log_options() 'quotes_disabled_sources = [u'QuotesDaddy']'
INFO: 2018-04-20 00:05:55,175: log_options() 'quotes_enabled = False'
INFO: 2018-04-20 00:05:55,175: log_options() 'quotes_favorites_file = /home/aich/.config/variety/favorite_quotes.txt'
INFO: 2018-04-20 00:05:55,176: log_options() 'quotes_font = Bitstream Charter 30'
INFO: 2018-04-20 00:05:55,176: log_options() 'quotes_hpos = 100'
INFO: 2018-04-20 00:05:55,176: log_options() 'quotes_tags = '
INFO: 2018-04-20 00:05:55,177: log_options() 'quotes_text_color = [255, 255, 255]'
INFO: 2018-04-20 00:05:55,177: log_options() 'quotes_text_shadow = False'
INFO: 2018-04-20 00:05:55,177: log_options() 'quotes_vpos = 40'
INFO: 2018-04-20 00:05:55,177: log_options() 'quotes_width = 70'
INFO: 2018-04-20 00:05:55,178: log_options() 'safe_mode = False'
INFO: 2018-04-20 00:05:55,178: log_options() 'slideshow_custom_enabled = False'
INFO: 2018-04-20 00:05:55,179: log_options() 'slideshow_custom_folder = /home/aich/Pictures'
INFO: 2018-04-20 00:05:55,179: log_options() 'slideshow_downloads_enabled = False'
INFO: 2018-04-20 00:05:55,179: log_options() 'slideshow_fade = 0.4'
INFO: 2018-04-20 00:05:55,180: log_options() 'slideshow_favorites_enabled = True'
INFO: 2018-04-20 00:05:55,180: log_options() 'slideshow_mode = Fullscreen'
INFO: 2018-04-20 00:05:55,180: log_options() 'slideshow_monitor = All'
INFO: 2018-04-20 00:05:55,180: log_options() 'slideshow_pan = 0.05'
INFO: 2018-04-20 00:05:55,180: log_options() 'slideshow_seconds = 6.0'
INFO: 2018-04-20 00:05:55,180: log_options() 'slideshow_sort_order = Random'
INFO: 2018-04-20 00:05:55,180: log_options() 'slideshow_sources_enabled = True'
INFO: 2018-04-20 00:05:55,180: log_options() 'slideshow_zoom = 0.2'
INFO: 2018-04-20 00:05:55,181: log_options() 'smart_enabled = False'
INFO: 2018-04-20 00:05:55,181: log_options() 'smart_notice_shown = True'
INFO: 2018-04-20 00:05:55,181: log_options() 'smart_register_shown = False'
INFO: 2018-04-20 00:05:55,181: log_options() 'sources = [[False, 3, u'The Favorites folder'], [False, 4, u'The Fetched folder'], [False, 19, u'Recommended by Variety. Adapts to your taste as you mark images as favorite or trash.'], [False, 20, u'Latest favorites by the other users of Variety. [May contain NSFW images]'], [False, 6, u'Random wallpapers from Desktoppr.co'], [True, 15, u'Bing Photo of the Day'], [False, 16, u'High-resolution photos from Unsplash.com'], [False, 8, u"NASA's Astronomy Picture of the Day"], [False, 11, u'World Sunlight Map - live wallpaper from Die.net']]'
INFO: 2018-04-20 00:05:55,181: log_options() 'stats_enabled = True'
INFO: 2018-04-20 00:05:55,181: log_options() 'stats_notice_shown = True'
INFO: 2018-04-20 00:05:55,181: log_options() 'sync_enabled = True'
INFO: 2018-04-20 00:05:55,181: log_options() 'use_landscape_enabled = True'
INFO: 2018-04-20 00:05:55,181: reload_config() 'No need to clear prepared queue'
INFO: 2018-04-20 00:05:55,182: prepare_thread() 'Prepared buffer contains 3 images'
INFO: 2018-04-20 00:05:55,192: update_indicator() 'Setting file info to: /home/aich/.config/variety/Downloaded/Bing/DuskyDolphin_EN-US11918143365_1920x1080.jpg'
INFO: 2018-04-20 00:05:55,282: do_set_wp() 'Calling do_set_wp with /home/aich/.config/variety/Downloaded/Bing/DuskyDolphin_EN-US11918143365_1920x1080.jpg, time: 1524175555.28'
INFO: 2018-04-20 00:05:55,307: update_indicator() 'Setting file info to: /home/aich/.config/variety/Downloaded/Bing/DuskyDolphin_EN-US11918143365_1920x1080.jpg'
INFO: 2018-04-20 00:05:55,358: update_indicator() 'Setting file info to: /home/aich/.config/variety/Downloaded/Bing/DuskyDolphin_EN-US11918143365_1920x1080.jpg'
INFO: 2018-04-20 00:05:57,472: update_indicator() 'Setting file info to: /home/aich/.config/variety/Downloaded/Bing/DuskyDolphin_EN-US11918143365_1920x1080.jpg'
INFO: 2018-04-20 00:06:02,476: update_indicator() 'Setting file info to: /home/aich/.config/variety/Downloaded/Bing/DuskyDolphin_EN-US11918143365_1920x1080.jpg'
INFO: 2018-04-20 00:06:02,482: list_files() 'More than 1 files in the folders, stop listing'
INFO: 2018-04-20 00:06:05,653: set_wallpaper() 'Calling set_wallpaper with /home/aich/.config/variety/Downloaded/Bing/MozambiqueSandbar_EN-US11463522567_1920x1080.jpg'
INFO: 2018-04-20 00:06:05,655: do_set_wp() 'Calling do_set_wp with /home/aich/.config/variety/Downloaded/Bing/MozambiqueSandbar_EN-US11463522567_1920x1080.jpg, time: 1524175565.66'
INFO: 2018-04-20 00:06:05,705: update_indicator() 'Setting file info to: /home/aich/.config/variety/Downloaded/Bing/MozambiqueSandbar_EN-US11463522567_1920x1080.jpg'
INFO: 2018-04-20 00:06:17,780: update_indicator() 'Setting file info to: /home/aich/.config/variety/Downloaded/Bing/MozambiqueSandbar_EN-US11463522567_1920x1080.jpg'
ERROR: 2018-04-20 00:06:21,418: show_thumbs() 'Could not create thumbs window:'
Traceback (most recent call last):
  File "/usr/lib/python2.7/site-packages/variety/PreferencesVarietyDialog.py", line 747, in show_thumbs
    folder = self.parent.get_folder_of_source(self.model_row_to_source(row))
  File "/usr/lib/python2.7/site-packages/variety/VarietyWindow.py", line 574, in get_folder_of_source
    dlr = self.create_downloader(type, location)
  File "/usr/lib/python2.7/site-packages/variety/VarietyWindow.py", line 555, in create_downloader
    raise Exception('No Smart user yet, not a problem')
Exception: No Smart user yet, not a problem
INFO: 2018-04-20 00:06:29,857: update_indicator() 'Setting file info to: /home/aich/.config/variety/Downloaded/Bing/MozambiqueSandbar_EN-US11463522567_1920x1080.jpg'
INFO: 2018-04-20 00:06:31,340: update_indicator() 'Setting file info to: /home/aich/.config/variety/Downloaded/Bing/MozambiqueSandbar_EN-US11463522567_1920x1080.jpg'
INFO: 2018-04-20 00:06:57,513: trigger_download() 'Triggering one download'
INFO: 2018-04-20 00:06:57,518: update_indicator() 'Setting file info to: /home/aich/.config/variety/Downloaded/Bing/MozambiqueSandbar_EN-US11463522567_1920x1080.jpg'
INFO: 2018-04-20 00:07:28,062: update_indicator() 'Setting file info to: /home/aich/.config/variety/Downloaded/Bing/MozambiqueSandbar_EN-US11463522567_1920x1080.jpg'
ERROR: 2018-04-20 00:07:44,424: reporting_thread_method() 'Stats: Could not report config'
Traceback (most recent call last):
  File "/usr/lib/python2.7/site-packages/variety/VarietyWindow.py", line 1003, in reporting_thread_method
    self.smart.stats_report_config()
  File "/usr/lib/python2.7/site-packages/variety/Smart.py", line 851, in stats_report_config
    res = Util.fetch_json(Smart.API_URL + '/stats/%s/report-config' % statsid, data=data)
  File "/usr/lib/python2.7/site-packages/variety/Util.py", line 534, in fetch_json
    return Util.request(url, data).json()
  File "/usr/lib/python2.7/site-packages/variety/Util.py", line 506, in request
    verify=False)
  File "/usr/lib/python2.7/site-packages/requests/api.py", line 58, in request
    return session.request(method=method, url=url, **kwargs)
  File "/usr/lib/python2.7/site-packages/requests/sessions.py", line 508, in request
    resp = self.send(prep, **send_kwargs)
  File "/usr/lib/python2.7/site-packages/requests/sessions.py", line 618, in send
    r = adapter.send(request, **kwargs)
  File "/usr/lib/python2.7/site-packages/requests/adapters.py", line 508, in send
    raise ConnectionError(e, request=request)
ConnectionError: HTTPSConnectionPool(host='vrty.org', port=443): Max retries exceeded with url: /api/stats/assmwsczf0/report-config (Caused by NewConnectionError('<urllib3.connection.VerifiedHTTPSConnection object at 0x7fa2c0247b50>: Failed to establish a new connection: [Errno 110] Connection timed out',))
INFO: 2018-04-20 00:08:14,479: stats_report_config() 'Stats: Reporting config anonymously'
ERROR: 2018-04-20 00:08:14,480: get_xdg_pictures_folder() 'Could not get path to Pictures folder. Defaulting to ~/Pictures.'
Traceback (most recent call last):
  File "/usr/lib/python2.7/site-packages/variety/Util.py", line 663, in get_xdg_pictures_folder
    raise Exception("Could not get path to Pictures folder. Defaulting to ~/Pictures.")
Exception: Could not get path to Pictures folder. Defaulting to ~/Pictures.
ERROR: 2018-04-20 00:10:24,168: reporting_thread_method() 'Stats: Could not report config'
Traceback (most recent call last):
  File "/usr/lib/python2.7/site-packages/variety/VarietyWindow.py", line 1003, in reporting_thread_method
    self.smart.stats_report_config()
  File "/usr/lib/python2.7/site-packages/variety/Smart.py", line 851, in stats_report_config
    res = Util.fetch_json(Smart.API_URL + '/stats/%s/report-config' % statsid, data=data)
  File "/usr/lib/python2.7/site-packages/variety/Util.py", line 534, in fetch_json
    return Util.request(url, data).json()
  File "/usr/lib/python2.7/site-packages/variety/Util.py", line 506, in request
    verify=False)
  File "/usr/lib/python2.7/site-packages/requests/api.py", line 58, in request
    return session.request(method=method, url=url, **kwargs)
  File "/usr/lib/python2.7/site-packages/requests/sessions.py", line 508, in request
    resp = self.send(prep, **send_kwargs)
  File "/usr/lib/python2.7/site-packages/requests/sessions.py", line 618, in send
    r = adapter.send(request, **kwargs)
  File "/usr/lib/python2.7/site-packages/requests/adapters.py", line 508, in send
    raise ConnectionError(e, request=request)
ConnectionError: HTTPSConnectionPool(host='vrty.org', port=443): Max retries exceeded with url: /api/stats/assmwsczf0/report-config (Caused by NewConnectionError('<urllib3.connection.VerifiedHTTPSConnection object at 0x7fa2c03bc090>: Failed to establish a new connection: [Errno 110] Connection timed out',))
INFO: 2018-04-20 00:10:54,199: stats_report_config() 'Stats: Reporting config anonymously'
ERROR: 2018-04-20 00:10:54,200: get_xdg_pictures_folder() 'Could not get path to Pictures folder. Defaulting to ~/Pictures.'
Traceback (most recent call last):
  File "/usr/lib/python2.7/site-packages/variety/Util.py", line 663, in get_xdg_pictures_folder
Exception: Could not get path to Pictures folder. Defaulting to ~/Pictures.
INFO: 2018-04-20 00:11:05,769: regular_change_thread() 'regular_change changes wallpaper'
INFO: 2018-04-20 00:11:05,770: set_wallpaper() 'Calling set_wallpaper with /home/aich/.config/variety/Downloaded/Bing/DuskyDolphin_EN-US11918143365_1920x1080.jpg'
INFO: 2018-04-20 00:11:05,771: prepare_thread() 'Prepared buffer contains 2 images'
INFO: 2018-04-20 00:11:05,772: do_set_wp() 'Calling do_set_wp with /home/aich/.config/variety/Downloaded/Bing/DuskyDolphin_EN-US11918143365_1920x1080.jpg, time: 1524175865.77'
INFO: 2018-04-20 00:11:05,789: update_indicator() 'Setting file info to: /home/aich/.config/variety/Downloaded/Bing/DuskyDolphin_EN-US11918143365_1920x1080.jpg'
ERROR: 2018-04-20 00:13:03,914: reporting_thread_method() 'Stats: Could not report config'
Traceback (most recent call last):
  File "/usr/lib/python2.7/site-packages/variety/VarietyWindow.py", line 1003, in reporting_thread_method
  File "/usr/lib/python2.7/site-packages/variety/Smart.py", line 851, in stats_report_config
  File "/usr/lib/python2.7/site-packages/variety/Util.py", line 534, in fetch_json
  File "/usr/lib/python2.7/site-packages/variety/Util.py", line 506, in request
  File "/usr/lib/python2.7/site-packages/requests/api.py", line 58, in request
  File "/usr/lib/python2.7/site-packages/requests/sessions.py", line 508, in request
  File "/usr/lib/python2.7/site-packages/requests/sessions.py", line 618, in send
  File "/usr/lib/python2.7/site-packages/requests/adapters.py", line 508, in send
ConnectionError: HTTPSConnectionPool(host='vrty.org', port=443): Max retries exceeded with url: /api/stats/assmwsczf0/report-config (Caused by NewConnectionError('<urllib3.connection.VerifiedHTTPSConnection object at 0x7fa2d92f7e90>: Failed to establish a new connection: [Errno 110] Connection timed out',))
INFO: 2018-04-20 00:16:05,876: regular_change_thread() 'regular_change changes wallpaper'
INFO: 2018-04-20 00:16:05,877: set_wallpaper() 'Calling set_wallpaper with /home/aich/.config/variety/Downloaded/Bing/WoodPartridge_EN-US11041638655_1920x1080.jpg'
INFO: 2018-04-20 00:16:05,878: prepare_thread() 'Prepared buffer contains 1 images'
INFO: 2018-04-20 00:16:05,879: prepare_thread() 'Preparing some images'
INFO: 2018-04-20 00:16:05,880: do_set_wp() 'Calling do_set_wp with /home/aich/.config/variety/Downloaded/Bing/WoodPartridge_EN-US11041638655_1920x1080.jpg, time: 1524176165.88'
INFO: 2018-04-20 00:16:05,889: prepare_thread() 'After search prepared buffer contains 3 images'
INFO: 2018-04-20 00:16:05,903: update_indicator() 'Setting file info to: /home/aich/.config/variety/Downloaded/Bing/WoodPartridge_EN-US11041638655_1920x1080.jpg'
INFO: 2018-04-20 00:21:05,980: regular_change_thread() 'regular_change changes wallpaper'
INFO: 2018-04-20 00:21:05,981: prepare_thread() 'Prepared buffer contains 2 images'
INFO: 2018-04-20 00:21:05,981: set_wallpaper() 'Calling set_wallpaper with /home/aich/.config/variety/Downloaded/Bing/MozambiqueSandbar_EN-US11463522567_1920x1080.jpg'
INFO: 2018-04-20 00:21:05,984: do_set_wp() 'Calling do_set_wp with /home/aich/.config/variety/Downloaded/Bing/MozambiqueSandbar_EN-US11463522567_1920x1080.jpg, time: 1524176465.98'
INFO: 2018-04-20 00:21:06,024: update_indicator() 'Setting file info to: /home/aich/.config/variety/Downloaded/Bing/MozambiqueSandbar_EN-US11463522567_1920x1080.jpg'
INFO: 2018-04-20 00:26:06,075: regular_change_thread() 'regular_change changes wallpaper'
INFO: 2018-04-20 00:26:06,075: set_wallpaper() 'Calling set_wallpaper with /home/aich/.config/variety/Downloaded/Bing/DuskyDolphin_EN-US11918143365_1920x1080.jpg'
INFO: 2018-04-20 00:26:06,076: prepare_thread() 'Prepared buffer contains 1 images'
INFO: 2018-04-20 00:26:06,077: prepare_thread() 'Preparing some images'
INFO: 2018-04-20 00:26:06,077: do_set_wp() 'Calling do_set_wp with /home/aich/.config/variety/Downloaded/Bing/DuskyDolphin_EN-US11918143365_1920x1080.jpg, time: 1524176766.08'
INFO: 2018-04-20 00:26:06,083: prepare_thread() 'After search prepared buffer contains 3 images'
INFO: 2018-04-20 00:26:06,093: update_indicator() 'Setting file info to: /home/aich/.config/variety/Downloaded/Bing/DuskyDolphin_EN-US11918143365_1920x1080.jpg'
INFO: 2018-04-20 00:31:06,172: regular_change_thread() 'regular_change changes wallpaper'
INFO: 2018-04-20 00:31:06,172: set_wallpaper() 'Calling set_wallpaper with /home/aich/.config/variety/Downloaded/Bing/MozambiqueSandbar_EN-US11463522567_1920x1080.jpg'
INFO: 2018-04-20 00:31:06,172: prepare_thread() 'Prepared buffer contains 2 images'
INFO: 2018-04-20 00:31:06,173: do_set_wp() 'Calling do_set_wp with /home/aich/.config/variety/Downloaded/Bing/MozambiqueSandbar_EN-US11463522567_1920x1080.jpg, time: 1524177066.17'
INFO: 2018-04-20 00:31:06,187: update_indicator() 'Setting file info to: /home/aich/.config/variety/Downloaded/Bing/MozambiqueSandbar_EN-US11463522567_1920x1080.jpg'
INFO: 2018-04-20 00:36:06,241: regular_change_thread() 'regular_change changes wallpaper'
INFO: 2018-04-20 00:36:06,242: set_wallpaper() 'Calling set_wallpaper with /home/aich/.config/variety/Downloaded/Bing/DuskyDolphin_EN-US11918143365_1920x1080.jpg'
INFO: 2018-04-20 00:36:06,243: prepare_thread() 'Prepared buffer contains 1 images'
INFO: 2018-04-20 00:36:06,244: prepare_thread() 'Preparing some images'
INFO: 2018-04-20 00:36:06,245: do_set_wp() 'Calling do_set_wp with /home/aich/.config/variety/Downloaded/Bing/DuskyDolphin_EN-US11918143365_1920x1080.jpg, time: 1524177366.25'
INFO: 2018-04-20 00:36:06,262: prepare_thread() 'After search prepared buffer contains 3 images'
INFO: 2018-04-20 00:36:06,291: update_indicator() 'Setting file info to: /home/aich/.config/variety/Downloaded/Bing/DuskyDolphin_EN-US11918143365_1920x1080.jpg'
INFO: 2018-04-20 00:41:06,355: regular_change_thread() 'regular_change changes wallpaper'
INFO: 2018-04-20 00:41:06,356: set_wallpaper() 'Calling set_wallpaper with /home/aich/.config/variety/Downloaded/Bing/WoodPartridge_EN-US11041638655_1920x1080.jpg'
INFO: 2018-04-20 00:41:06,357: prepare_thread() 'Prepared buffer contains 2 images'
INFO: 2018-04-20 00:41:06,359: do_set_wp() 'Calling do_set_wp with /home/aich/.config/variety/Downloaded/Bing/WoodPartridge_EN-US11041638655_1920x1080.jpg, time: 1524177666.36'
INFO: 2018-04-20 00:41:06,379: update_indicator() 'Setting file info to: /home/aich/.config/variety/Downloaded/Bing/WoodPartridge_EN-US11041638655_1920x1080.jpg'
